-->    Checking config file...
-->    Checking miscInfo...
-->    Checking pathInfo...
-->    No pathInfo specified, using defaults
-->    Checking hardwareInfo...
-->    Checking 01_energy_minimisation...
-->    Checking 02_NVT_pre-equilibraition...
-->    Checking 03_lazy_inputs...
-->    Checking endPointInfo...
-->    Checking clusterInfo...
-->    Checking ligandInfo...
-->    Checking config file...
-->    Checking config file...
-->    Checking config file...
-->    Checking config file...
-->    Checking miscInfo...
-->    Checking pathInfo...
-->    pathInfo is correct...
-->    Checking hardwareInfo...
-->    Checking 01_energy_minimisation...
-->    Checking 02_NVT_pre-equilibraition...
-->    Checking 03_lazy_inputs...
-->    Checking endPointInfo...
-->    Checking clusterInfo...
-->    Checking ligandInfo...
