-I: Adding /home/esp/anaconda3/envs/drMD/dat/leap/prep to search path.
-I: Adding /home/esp/anaconda3/envs/drMD/dat/leap/lib to search path.
-I: Adding /home/esp/anaconda3/envs/drMD/dat/leap/parm to search path.
-I: Adding /home/esp/anaconda3/envs/drMD/dat/leap/cmd to search path.
-f: Source tleap.in.

Welcome to LEaP!
(no leaprc in search path)
Sourcing: ./tleap.in
----- Source: /home/esp/anaconda3/envs/drMD/dat/leap/cmd/leaprc.protein.ff19SB
----- Source of /home/esp/anaconda3/envs/drMD/dat/leap/cmd/leaprc.protein.ff19SB done
Log file: ./leap.log
Loading parameters: /home/esp/anaconda3/envs/drMD/dat/leap/parm/parm19.dat
Reading title:
PARM99 + frcmod.ff99SB + frcmod.parmbsc0 + OL3 for RNA + ff19SB
Loading parameters: /home/esp/anaconda3/envs/drMD/dat/leap/parm/frcmod.ff19SB
Reading force field modification type file (frcmod)
Reading title:
ff19SB AA-specific backbone CMAPs for protein 07/25/2019
Loading library: /home/esp/anaconda3/envs/drMD/dat/leap/lib/amino19.lib
Loading library: /home/esp/anaconda3/envs/drMD/dat/leap/lib/aminoct12.lib
Loading library: /home/esp/anaconda3/envs/drMD/dat/leap/lib/aminont12.lib
----- Source: /home/esp/anaconda3/envs/drMD/dat/leap/cmd/leaprc.gaff2
----- Source of /home/esp/anaconda3/envs/drMD/dat/leap/cmd/leaprc.gaff2 done
Log file: ./leap.log
Loading parameters: /home/esp/anaconda3/envs/drMD/dat/leap/parm/gaff2.dat
Reading title:
AMBER General Force Field for organic molecules (Version 2.2.20, March 2021)
----- Source: /home/esp/anaconda3/envs/drMD/dat/leap/cmd/leaprc.water.tip3p
----- Source of /home/esp/anaconda3/envs/drMD/dat/leap/cmd/leaprc.water.tip3p done
Loading library: /home/esp/anaconda3/envs/drMD/dat/leap/lib/atomic_ions.lib
Loading library: /home/esp/anaconda3/envs/drMD/dat/leap/lib/solvents.lib
Loading parameters: /home/esp/anaconda3/envs/drMD/dat/leap/parm/frcmod.tip3p
Reading force field modification type file (frcmod)
Reading title:
This is the additional/replacement parameter set for TIP3P water
Loading parameters: /home/esp/anaconda3/envs/drMD/dat/leap/parm/frcmod.ions1lm_126_tip3p
Reading force field modification type file (frcmod)
Reading title:
Li/Merz ion parameters of monovalent ions for TIP3P water model (12-6 normal usage set)
Loading parameters: /home/esp/anaconda3/envs/drMD/dat/leap/parm/frcmod.ionsjc_tip3p
Reading force field modification type file (frcmod)
Reading title:
Monovalent ion parameters for Ewald and TIP3P water from Joung & Cheatham JPCB (2008)
Loading parameters: /home/esp/anaconda3/envs/drMD/dat/leap/parm/frcmod.ions234lm_126_tip3p
Reading force field modification type file (frcmod)
Reading title:
Li/Merz ion parameters of divalent to tetravalent ions for TIP3P water model (12-6 normal usage set)
Loading parameters: /home/esp/anaconda3/envs/drMD/dat/leap/parm/frcmod.ions1lm_126_tip3p
Reading force field modification type file (frcmod)
Reading title:
Li/Merz ion parameters of monovalent ions for TIP3P water model (12-6 normal usage set)
Loading parameters: /home/esp/anaconda3/envs/drMD/dat/leap/parm/frcmod.ions234lm_126_tip3p
Reading force field modification type file (frcmod)
Reading title:
Li/Merz ion parameters of divalent to tetravalent ions for TIP3P water model (12-6 normal usage set)
Loading Mol2 file: /home/esp/scriptDevelopment/drMD/ExampleInputs/Worked_Example_7_Non_Canonical_Amino_Acids/AIB.mol2
Reading MOLECULE named AIB
Loading parameters: /home/esp/scriptDevelopment/drMD/ExampleInputs/Worked_Example_7_Non_Canonical_Amino_Acids/AIB.frcmod
Reading force field modification type file (frcmod)
Reading title:
Created by ParmEd
Loading library: /home/esp/scriptDevelopment/drMD/ExampleInputs/Worked_Example_7_Non_Canonical_Amino_Acids/AIB.lib
Loading PDB file: ./NonaPeptide_3AIB_renamed.pdb
  Added missing heavy atom: .R<AIB 3>.A<CB1 5>
  Added missing heavy atom: .R<AIB 3>.A<CB2 6>
  Added missing heavy atom: .R<AIB 6>.A<CB1 5>
  Added missing heavy atom: .R<AIB 6>.A<CB2 6>
  Added missing heavy atom: .R<AIB 9>.A<CB1 5>
  Added missing heavy atom: .R<AIB 9>.A<CB2 6>
  Added missing heavy atom: .R<NME 10>.A<C 3>
  total atoms in file: 64
  Leap added 85 missing atoms according to residue templates:
       7 Heavy
       78 H / lone pairs
Writing pdb file: NonaPeptide_3AIB_protonated.pdb

/home/esp/anaconda3/envs/drMD/bin/teLeap: Warning!
 Converting N-terminal residue name to PDB format: NTRP -> TRP
	Quit

Exiting LEaP: Errors = 0; Warnings = 1; Notes = 0.
